acom -reorder -O3 -e 100 -work ram -2002  $dsn/src/ram256.vhd
# Warning: DAGGEN_0523: The source is compiled without the -dbg switch. Line breakpoints and assertion debug will not be available.
# File: C:/Users/Seth/Desktop/aldec-fall2025/mips-processor/memory256/ram/src/ram256.vhd
# Compile Entity "ram256"
# Compile success 0 Errors 0 Warnings  Analysis time :  94.0 [ms]
acom -O3 -e 100 -work ram -2002  $dsn/src/ram256.vhd
# Warning: DAGGEN_0523: The source is compiled without the -dbg switch. Line breakpoints and assertion debug will not be available.
# File: C:/Users/Seth/Desktop/aldec-fall2025/mips-processor/memory256/ram/src/ram256.vhd
# Compile Entity "ram256"
# Compile Architecture "behavioral" of Entity "ram256"
# Error: COMP96_0015: ram256.vhd : (26, 14): ';' expected.
# Error: COMP96_0019: ram256.vhd : (26, 14): Keyword 'end' expected.
# Error: COMP96_0019: ram256.vhd : (28, 7): Keyword 'process' expected.
# Error: COMP96_0015: ram256.vhd : (29, 6): ';' expected.
# Error: COMP96_0016: ram256.vhd : (29, 13): Design unit declaration expected.
# Compile failure 5 Errors 0 Warnings  Analysis time :  62.0 [ms]
acom -O3 -e 100 -work ram -2002  $dsn/src/ram256.vhd
# Warning: DAGGEN_0523: The source is compiled without the -dbg switch. Line breakpoints and assertion debug will not be available.
# File: C:/Users/Seth/Desktop/aldec-fall2025/mips-processor/memory256/ram/src/ram256.vhd
# Compile Entity "ram256"
# Compile Architecture "behavioral" of Entity "ram256"
# Error: COMP96_0078: ram256.vhd : (24, 5): Unknown identifier "ram".
# Error: COMP96_0133: ram256.vhd : (24, 5): Cannot find object declaration.
# Error: COMP96_0078: ram256.vhd : (26, 17): Unknown identifier "ram".
# Error: COMP96_0133: ram256.vhd : (26, 17): Cannot find object declaration.
# Error: COMP96_0289: ram256.vhd : (26, 17): Prefix of index must be an array.
# Error: COMP96_0077: ram256.vhd : (26, 17): Undefined type of expression. Expected type 'STD_LOGIC_VECTOR'.
# Compile failure 6 Errors 0 Warnings  Analysis time :  31.0 [ms]
acom -O3 -e 100 -work ram -2002  $dsn/src/ram256.vhd
# Warning: DAGGEN_0523: The source is compiled without the -dbg switch. Line breakpoints and assertion debug will not be available.
# File: C:/Users/Seth/Desktop/aldec-fall2025/mips-processor/memory256/ram/src/ram256.vhd
# Compile Entity "ram256"
# Compile Architecture "behavioral" of Entity "ram256"
# Error: COMP96_0138: ram256.vhd : (24, 15): The index types in the reference to the array object are incompatible with its range type.
# Error: COMP96_0138: ram256.vhd : (26, 27): The index types in the reference to the array object are incompatible with its range type.
# Compile failure 2 Errors 0 Warnings  Analysis time :  31.0 [ms]
acom -O3 -e 100 -work ram -2002  $dsn/src/ram256.vhd
# Warning: DAGGEN_0523: The source is compiled without the -dbg switch. Line breakpoints and assertion debug will not be available.
# File: C:/Users/Seth/Desktop/aldec-fall2025/mips-processor/memory256/ram/src/ram256.vhd
# Compile Entity "ram256"
# Compile Architecture "behavioral" of Entity "ram256"
# Error: COMP96_0305: ram256.vhd : (24, 15): Cannot find function "to_integer" for these actuals.
# Error: COMP96_0138: ram256.vhd : (24, 15): The index types in the reference to the array object are incompatible with its range type.
# Error: COMP96_0305: ram256.vhd : (26, 27): Cannot find function "to_integer" for these actuals.
# Error: COMP96_0138: ram256.vhd : (26, 27): The index types in the reference to the array object are incompatible with its range type.
# Compile failure 4 Errors 0 Warnings  Analysis time :  16.0 [ms]
acom -O3 -e 100 -work ram -2002  $dsn/src/ram256.vhd
# Warning: DAGGEN_0523: The source is compiled without the -dbg switch. Line breakpoints and assertion debug will not be available.
# File: C:/Users/Seth/Desktop/aldec-fall2025/mips-processor/memory256/ram/src/ram256.vhd
# Compile Entity "ram256"
# Compile Architecture "behavioral" of Entity "ram256"
# Compile success 0 Errors 0 Warnings  Analysis time :  94.0 [ms]
