# ELBREAD: Elaboration process.
# ELBREAD: Elaboration time 0.0 [s].
acom -O3 -e 100 -work pc -2002  $dsn/src/pc.vhd
# Warning: DAGGEN_0523: The source is compiled without the -dbg switch. Line breakpoints and assertion debug will not be available.
# File: C:/Users/Seth/Desktop/aldec-fall2025/mips-processor/prog_counter/PC/src/pc.vhd
# Compile Entity "pc"
# Compile Architecture "behavioral" of Entity "pc"
# Error: COMP96_0078: pc.vhd : (21, 35): Unknown identifier "unsigned".
# Error: COMP96_0133: pc.vhd : (21, 35): Cannot find object declaration.
# Error: COMP96_0289: pc.vhd : (21, 35): Prefix of index must be an array.
# Error: COMP96_0149: pc.vhd : (21, 35): Explicit type conversions are allowed between closely related types only.
# Compile failure 4 Errors 0 Warnings  Analysis time :  46.0 [ms]
acom -O3 -e 100 -work pc -2002  $dsn/src/pc.vhd
# Warning: DAGGEN_0523: The source is compiled without the -dbg switch. Line breakpoints and assertion debug will not be available.
# File: C:/Users/Seth/Desktop/aldec-fall2025/mips-processor/prog_counter/PC/src/pc.vhd
# Compile Entity "pc"
# Compile Architecture "behavioral" of Entity "pc"
# Compile success 0 Errors 0 Warnings  Analysis time :  63.0 [ms]
# Library Manager: Library "pc" contents cleared.
acom -reorder -O3 -e 100 -work pc -2002  $dsn/src/pc.vhd $dsn/src/TestBench/pc_TB.vhd
# Warning: DAGGEN_0523: The source is compiled without the -dbg switch. Line breakpoints and assertion debug will not be available.
# File: C:/Users/Seth/Desktop/aldec-fall2025/mips-processor/prog_counter/PC/src/pc.vhd
# Compile Entity "pc"
# Compile Architecture "behavioral" of Entity "pc"
# File: C:/Users/Seth/Desktop/aldec-fall2025/mips-processor/prog_counter/PC/src/TestBench/pc_TB.vhd
# Compile Entity "pc_tb"
# Compile Architecture "TB_ARCHITECTURE" of Entity "pc_tb"
# Compile Configuration "TESTBENCH_FOR_pc"
# Incorrect order of units detected.
# Automatic reorder and incremental recompilation of required units in progress.
# Top-level unit(s) detected:
# Configuration => TESTBENCH_FOR_pc
# File: C:/Users/Seth/Desktop/aldec-fall2025/mips-processor/prog_counter/PC/src/TestBench/pc_TB.vhd
# Compile Architecture "TB_ARCHITECTURE" of Entity "pc_tb"
# Warning: ELAB1_0026: TestBench/pc_TB.vhd : (29, 0): There is no default binding for component "pc". (Port "pc_in" is not on the entity).
# Compile Configuration "TESTBENCH_FOR_pc"
# Error: ELAB1_0030: TestBench/pc_TB.vhd : (52, 0): Port "pc_in" is on component "pc" but not on the entity "pc".
# Error: COMP96_0203: TestBench/pc_TB.vhd : (53, 4): Binding indication has neither a generic map aspect nor a port map aspect.
# Error: ELAB1_0030: TestBench/pc_TB.vhd : (53, 0): Port "pc_in" is on component "pc" but not on the entity "pc".
# Compile failure 3 Errors 1 Warnings  Analysis time :  0.3 [s]
acom -O3 -e 100 -work pc -2002  $dsn/src/TestBench/pc_TB.vhd
# Warning: DAGGEN_0523: The source is compiled without the -dbg switch. Line breakpoints and assertion debug will not be available.
# File: C:/Users/Seth/Desktop/aldec-fall2025/mips-processor/prog_counter/PC/src/TestBench/pc_TB.vhd
# Compile Entity "pc_tb"
# Compile Architecture "TB_ARCHITECTURE" of Entity "pc_tb"
# Compile Configuration "TESTBENCH_FOR_pc"
# Compile success 0 Errors 0 Warnings  Analysis time :  32.0 [ms]
# ELBREAD: Elaboration process.
# ELBREAD: Elaboration time 0.0 [s].
asim -O5 +access +r +m+pc_tb pc_tb TB_ARCHITECTURE
# ELBREAD: Elaboration process.
# ELBREAD: Elaboration time 0.0 [s].
# VSIM: Stack memory: 32MB
# VSIM: Retval memory: 32MB
# 
# KERNEL: Main thread initiated.
# KERNEL: Kernel process initialization phase.
# ELAB2: Elaboration final pass...
# ELAB2: Create instances ...
# KERNEL: Time resolution set to 1ps.
# ELAB2: Create instances complete.
# SLP: Started
# SLP: Elaboration phase ...
# SLP: Elaboration phase ... skipped, nothing to simulate in SLP mode : 0.0 [s]
# SLP: Finished : 0.0 [s]
# ELAB2: Elaboration final pass complete - time: 0.0 [s].
# KERNEL: Warning: You are using the Active-HDL EDU Edition. The performance of simulation is running at a reduced rate.
# KERNEL: Warning: Contact Aldec for available upgrade options - sales@aldec.com.
# KERNEL: Kernel process initialization done.
# Allocation: Simulator allocated 5172 kB (elbread=256 elab2=4778 kernel=137 sdf=0)
# KERNEL: ASDB file was created in location C:\Users\Seth\Desktop\aldec-fall2025\mips-processor\prog_counter\PC\src\wave.asdb
#  4:36 PM, Saturday, November 22, 2025
#  Simulation has been initialized
# 2 object(s) traced.
# Waveform file 'untitled.awc' connected to 'C:/Users/Seth/Desktop/aldec-fall2025/mips-processor/prog_counter/PC/src/wave.asdb'.
run @300ns
# KERNEL: stopped at time: 300 ns
endsim
# VSIM: Simulation has finished.
asim -O5 +access +r +m+pc_tb pc_tb TB_ARCHITECTURE
# ELBREAD: Elaboration process.
# ELBREAD: Elaboration time 0.0 [s].
# VSIM: Stack memory: 32MB
# VSIM: Retval memory: 32MB
# 
acom -O3 -e 100 -work pc -2002  $dsn/src/pc.vhd
# Warning: DAGGEN_0523: The source is compiled without the -dbg switch. Line breakpoints and assertion debug will not be available.
# File: C:/Users/Seth/Desktop/aldec-fall2025/mips-processor/prog_counter/PC/src/pc.vhd
# Compile Entity "pc"
# Compile Architecture "behavioral" of Entity "pc"
# Compile success 0 Errors 0 Warnings  Analysis time :  63.0 [ms]
# ELBREAD: Elaboration process.
# ELBREAD: Elaboration time 0.0 [s].
# KERNEL: Main thread initiated.
# KERNEL: Kernel process initialization phase.
# ELAB2: Elaboration final pass...
# ELAB2: Create instances ...
# KERNEL: Time resolution set to 1ps.
# ELAB2: Create instances complete.
# SLP: Started
# SLP: Elaboration phase ...
# SLP: Elaboration phase ... skipped, nothing to simulate in SLP mode : 0.0 [s]
# SLP: Finished : 0.0 [s]
# ELAB2: Elaboration final pass complete - time: 0.0 [s].
# KERNEL: Warning: You are using the Active-HDL EDU Edition. The performance of simulation is running at a reduced rate.
# KERNEL: Warning: Contact Aldec for available upgrade options - sales@aldec.com.
# KERNEL: Kernel process initialization done.
# Allocation: Simulator allocated 5172 kB (elbread=256 elab2=4778 kernel=137 sdf=0)
# KERNEL: ASDB file was created in location C:\Users\Seth\Desktop\aldec-fall2025\mips-processor\prog_counter\PC\src\wave.asdb
#  4:37 PM, Saturday, November 22, 2025
#  Simulation has been initialized
# Waveform file 'untitled.awc' connected to 'C:/Users/Seth/Desktop/aldec-fall2025/mips-processor/prog_counter/PC/src/wave.asdb'.
# 2 object(s) traced.
run @300ns
# KERNEL: stopped at time: 300 ns
endsim
# VSIM: Simulation has finished.
asim -O5 +access +r +m+pc_tb pc_tb TB_ARCHITECTURE
# ELBREAD: Elaboration process.
# ELBREAD: Elaboration time 0.0 [s].
# VSIM: Stack memory: 32MB
# VSIM: Retval memory: 32MB
# 
acom -O3 -e 100 -work pc -2002  $dsn/src/pc.vhd
# Warning: DAGGEN_0523: The source is compiled without the -dbg switch. Line breakpoints and assertion debug will not be available.
# File: C:/Users/Seth/Desktop/aldec-fall2025/mips-processor/prog_counter/PC/src/pc.vhd
# Compile Entity "pc"
# Compile Architecture "behavioral" of Entity "pc"
# Compile success 0 Errors 0 Warnings  Analysis time :  0.1 [s]
# ELBREAD: Elaboration process.
# ELBREAD: Elaboration time 0.0 [s].
# KERNEL: Main thread initiated.
# KERNEL: Kernel process initialization phase.
# ELAB2: Elaboration final pass...
# ELAB2: Create instances ...
# KERNEL: Time resolution set to 1ps.
# ELAB2: Create instances complete.
# SLP: Started
# SLP: Elaboration phase ...
# SLP: Elaboration phase ... skipped, nothing to simulate in SLP mode : 0.0 [s]
# SLP: Finished : 0.0 [s]
# ELAB2: Elaboration final pass complete - time: 0.0 [s].
# KERNEL: Warning: You are using the Active-HDL EDU Edition. The performance of simulation is running at a reduced rate.
# KERNEL: Warning: Contact Aldec for available upgrade options - sales@aldec.com.
# KERNEL: Kernel process initialization done.
# Allocation: Simulator allocated 5172 kB (elbread=256 elab2=4778 kernel=137 sdf=0)
# KERNEL: ASDB file was created in location C:\Users\Seth\Desktop\aldec-fall2025\mips-processor\prog_counter\PC\src\wave.asdb
#  4:39 PM, Saturday, November 22, 2025
#  Simulation has been initialized
# Waveform file 'untitled.awc' connected to 'C:/Users/Seth/Desktop/aldec-fall2025/mips-processor/prog_counter/PC/src/wave.asdb'.
# 2 object(s) traced.
run @300ns
# KERNEL: stopped at time: 300 ns
# Waveform file 'C:/Users/Seth/Desktop/aldec-fall2025/mips-processor/prog_counter/PC/src/pcwave-v2.awc' connected to 'C:/Users/Seth/Desktop/aldec-fall2025/mips-processor/prog_counter/PC/src/pcwave-v2.asdb'.
# Adding file C:\Users\Seth\Desktop\aldec-fall2025\mips-processor\prog_counter\PC\src\pcwave-v2.asdb ... Done
# Adding file C:\Users\Seth\Desktop\aldec-fall2025\mips-processor\prog_counter\PC\src\pcwave-v2.awc ... Done
