Active-HDL 12.0.118.7745 2025-11-22 16:39:14

Elaboration top modules:
Architecture                  TB_ARCHITECTURE(pc_tb)


--------------------------------------------------------------------------------------------
Entity   | Architecture    | Library | Info | Compiler Version        | Compilation Options
--------------------------------------------------------------------------------------------
pc_tb    | TB_ARCHITECTURE | pc      |      | 12.0.118.7745 (Windows) | -O3
pc       | behavioral      | pc      |      | 12.0.118.7745 (Windows) | -O3
--------------------------------------------------------------------------------------------

--------------------------------------------------------------------------------------------
VHDL Package               | Library | Info | Compiler Version        | Compilation Options
--------------------------------------------------------------------------------------------
standard                   | std     |      |                         | <unavailable>
TEXTIO                     | std     |      |                         | <unavailable>
std_logic_1164             | ieee    |      |                         | <unavailable>
NUMERIC_STD                | ieee    |      |                         | <unavailable>
--------------------------------------------------------------------------------------------

--------------------------------------------------------------------------------------------
Library                    | Comment
--------------------------------------------------------------------------------------------
ieee                       | Standard IEEE packages library
pc                         | None
std                        | Standard VHDL library
--------------------------------------------------------------------------------------------
