Active-HDL 12.0.118.7745 2025-11-18 20:13:50

Elaboration top modules:
Architecture                  behavioral(instr_mem)


-----------------------------------------------------------------------------------------------
Entity    | Architecture | Library      | Info | Compiler Version        | Compilation Options
-----------------------------------------------------------------------------------------------
instr_mem | behavioral   | instr_memory |      | 12.0.118.7745 (Windows) | -O3
-----------------------------------------------------------------------------------------------

-----------------------------------------------------------------------------------------------
VHDL Package             | Library      | Info | Compiler Version        | Compilation Options
-----------------------------------------------------------------------------------------------
standard                 | std          |      |                         | <unavailable>
TEXTIO                   | std          |      |                         | <unavailable>
std_logic_1164           | ieee         |      |                         | <unavailable>
NUMERIC_STD              | ieee         |      |                         | <unavailable>
-----------------------------------------------------------------------------------------------

-----------------------------------------------------------------------------------------------
Library                  | Comment
-----------------------------------------------------------------------------------------------
ieee                     | Standard IEEE packages library
instr_memory             | None
std                      | Standard VHDL library
-----------------------------------------------------------------------------------------------
