Active-HDL 12.0.118.7745 2025-11-22 17:55:07

Elaboration top modules:
Architecture                  behavioral(andgate_fast)


---------------------------------------------------------------------------------------------
Entity       | Architecture | Library | Info | Compiler Version        | Compilation Options
---------------------------------------------------------------------------------------------
andgate_fast | behavioral   | mux4_2  |      | 12.0.118.7745 (Windows) | -O3
---------------------------------------------------------------------------------------------

---------------------------------------------------------------------------------------------
VHDL Package                | Library | Info | Compiler Version        | Compilation Options
---------------------------------------------------------------------------------------------
standard                    | std     |      |                         | <unavailable>
TEXTIO                      | std     |      |                         | <unavailable>
std_logic_1164              | ieee    |      |                         | <unavailable>
---------------------------------------------------------------------------------------------

---------------------------------------------------------------------------------------------
Library                     | Comment
---------------------------------------------------------------------------------------------
ieee                        | Standard IEEE packages library
mux4_2                      | None
std                         | Standard VHDL library
---------------------------------------------------------------------------------------------
