Active-HDL 12.0.118.7745 2025-11-22 14:59:05

Elaboration top modules:
Architecture                  structural(instr_decoder)


----------------------------------------------------------------------------------------------
Entity        | Architecture | Library | Info | Compiler Version        | Compilation Options
----------------------------------------------------------------------------------------------
instr_decoder | structural   | decoder |      | 12.0.118.7745 (Windows) | -O3
----------------------------------------------------------------------------------------------

----------------------------------------------------------------------------------------------
VHDL Package                 | Library | Info | Compiler Version        | Compilation Options
----------------------------------------------------------------------------------------------
standard                     | std     |      |                         | <unavailable>
TEXTIO                       | std     |      |                         | <unavailable>
std_logic_1164               | ieee    |      |                         | <unavailable>
NUMERIC_STD                  | ieee    |      |                         | <unavailable>
----------------------------------------------------------------------------------------------

----------------------------------------------------------------------------------------------
Library                      | Comment
----------------------------------------------------------------------------------------------
decoder                      | None
ieee                         | Standard IEEE packages library
std                          | Standard VHDL library
----------------------------------------------------------------------------------------------
