# Design: Design control already active.
# DESIGN: Default Design Language: VHDL
# DESIGN: Default BDE Language: VHDL
# DESIGN: C-Synthesis: Not Defined
# DESIGN: HDL Synthesis: Not Defined
# DESIGN: Physical Synthesis: Not Defined
# DESIGN: Implementation: Not Defined
acom -reorder -O3 -e 100 -work control -2002  $dsn/src/control_unit.vhd
# Warning: DAGGEN_0523: The source is compiled without the -dbg switch. Line breakpoints and assertion debug will not be available.
# File: C:/Users/Seth/Desktop/aldec-fall2025/mips-processor/control_unit/control/src/control_unit.vhd
# Compile Entity "control_unit"
# Compile Architecture "structural" of Entity "control_unit"
# Error: COMP96_0028: control_unit.vhd : (7, 2): Identifier or keyword expected.
# Error: COMP96_0015: control_unit.vhd : (7, 2): ';' expected.
# Error: COMP96_0019: control_unit.vhd : (7, 3): Keyword 'end' expected.
# Error: COMP96_0016: control_unit.vhd : (8, 1): Design unit declaration expected.
# Error: COMP96_0111: control_unit.vhd : (12, 5): Labels do not match.
# Compile failure 5 Errors 0 Warnings  Analysis time :  0.1 [s]
acom -reorder -O3 -e 100 -work control -2002  $dsn/src/control_unit.vhd
# Warning: DAGGEN_0523: The source is compiled without the -dbg switch. Line breakpoints and assertion debug will not be available.
# File: C:/Users/Seth/Desktop/aldec-fall2025/mips-processor/control_unit/control/src/control_unit.vhd
# Compile Entity "control_unit"
# Compile Architecture "structural" of Entity "control_unit"
# Incorrect order of units detected.
# Automatic reorder and incremental recompilation of required units in progress.
# File: C:/Users/Seth/Desktop/aldec-fall2025/mips-processor/control_unit/control/src/control_unit.vhd
# Compile Entity "control_unit"
# Compile Architecture "structural" of Entity "control_unit"
# File: C:/Users/Seth/Desktop/aldec-fall2025/mips-processor/control_unit/control/src/control_unit.vhd
# Compile Entity "control_unit"
# Compile Architecture "structural" of Entity "control_unit"
# File: C:/Users/Seth/Desktop/aldec-fall2025/mips-processor/control_unit/control/src/control_unit.vhd
# Compile Entity "control_unit"
# Compile Architecture "structural" of Entity "control_unit"
# Error: COMP96_0028: control_unit.vhd : (7, 2): Identifier or keyword expected.
# Error: COMP96_0015: control_unit.vhd : (7, 2): ';' expected.
# Error: COMP96_0019: control_unit.vhd : (7, 3): Keyword 'end' expected.
# Error: COMP96_0016: control_unit.vhd : (8, 1): Design unit declaration expected.
# Error: COMP96_0056: control_unit.vhd : (10, 1): Cannot find referenced entity declaration "control_unit".
# Compile failure 5 Errors 0 Warnings  Analysis time :  0.3 [s]
acom -reorder -O3 -e 100 -work control -2002  $dsn/src/control_unit.vhd
# Warning: DAGGEN_0523: The source is compiled without the -dbg switch. Line breakpoints and assertion debug will not be available.
# File: C:/Users/Seth/Desktop/aldec-fall2025/mips-processor/control_unit/control/src/control_unit.vhd
# Compile Entity "control_unit"
# Compile Architecture "structural" of Entity "control_unit"
# Incorrect order of units detected.
# Automatic reorder and incremental recompilation of required units in progress.
# File: C:/Users/Seth/Desktop/aldec-fall2025/mips-processor/control_unit/control/src/control_unit.vhd
# Compile Entity "control_unit"
# Compile Architecture "structural" of Entity "control_unit"
# File: C:/Users/Seth/Desktop/aldec-fall2025/mips-processor/control_unit/control/src/control_unit.vhd
# Compile Entity "control_unit"
# Compile Architecture "structural" of Entity "control_unit"
# File: C:/Users/Seth/Desktop/aldec-fall2025/mips-processor/control_unit/control/src/control_unit.vhd
# Compile Entity "control_unit"
# Compile Architecture "structural" of Entity "control_unit"
# Error: COMP96_0018: control_unit.vhd : (9, 2): Identifier expected.
# Error: COMP96_0056: control_unit.vhd : (12, 1): Cannot find referenced entity declaration "control_unit".
# Compile failure 2 Errors 0 Warnings  Analysis time :  0.1 [s]
acom -reorder -O3 -e 100 -work control -2002  $dsn/src/control_unit.vhd
# Warning: DAGGEN_0523: The source is compiled without the -dbg switch. Line breakpoints and assertion debug will not be available.
# File: C:/Users/Seth/Desktop/aldec-fall2025/mips-processor/control_unit/control/src/control_unit.vhd
# Compile Entity "control_unit"
# Compile Architecture "structural" of Entity "control_unit"
# Top-level unit(s) detected:
# Entity => control_unit
# Compile success 0 Errors 0 Warnings  Analysis time :  0.1 [s]
# ELBREAD: Elaboration process.
# ELBREAD: Elaboration time 0.1 [s].
acom -O3 -e 100 -work control -2002  $dsn/src/control_unit.vhd
# Warning: DAGGEN_0523: The source is compiled without the -dbg switch. Line breakpoints and assertion debug will not be available.
# File: C:/Users/Seth/Desktop/aldec-fall2025/mips-processor/control_unit/control/src/control_unit.vhd
# Compile Entity "control_unit"
# Error: COMP96_0018: control_unit.vhd : (10, 2): Identifier expected.
# Compile Architecture "structural" of Entity "control_unit"
# Error: COMP96_0078: control_unit.vhd : (17, 24): Unknown identifier "notgate".
# Error: COMP96_0055: control_unit.vhd : (17, 19): Cannot find context item "work.notgate".
# Error: COMP96_0078: control_unit.vhd : (18, 24): Unknown identifier "notgate".
# Error: COMP96_0055: control_unit.vhd : (18, 19): Cannot find context item "work.notgate".
# Error: COMP96_0078: control_unit.vhd : (19, 24): Unknown identifier "notgate".
# Error: COMP96_0055: control_unit.vhd : (19, 19): Cannot find context item "work.notgate".
# Compile failure 7 Errors 0 Warnings  Analysis time :  78.0 [ms]
acom -O3 -e 100 -work control -2002  $dsn/src/or7gate.vhd
# Warning: DAGGEN_0523: The source is compiled without the -dbg switch. Line breakpoints and assertion debug will not be available.
# File: C:/Users/Seth/Desktop/aldec-fall2025/mips-processor/control_unit/control/src/or7gate.vhd
# Compile Entity "or7gate"
# Compile Architecture "structural" of Entity "or7gate"
# Compile success 0 Errors 0 Warnings  Analysis time :  62.0 [ms]
acom -O3 -e 100 -work control -2002  $dsn/src/and3gate.vhd
# Warning: DAGGEN_0523: The source is compiled without the -dbg switch. Line breakpoints and assertion debug will not be available.
# File: C:/Users/Seth/Desktop/aldec-fall2025/mips-processor/control_unit/control/src/and3gate.vhd
# Compile Entity "and3gate"
# Compile Architecture "behavioral" of Entity "and3gate"
# Compile success 0 Errors 0 Warnings  Analysis time :  78.0 [ms]
acom -O3 -e 100 -work control -2002  $dsn/src/notgate.vhd
# Warning: DAGGEN_0523: The source is compiled without the -dbg switch. Line breakpoints and assertion debug will not be available.
# File: C:/Users/Seth/Desktop/aldec-fall2025/mips-processor/control_unit/control/src/notgate.vhd
# Compile Entity "notgate"
# Compile Architecture "behavioral" of Entity "notgate"
# Compile success 0 Errors 0 Warnings  Analysis time :  78.0 [ms]
acom -O3 -e 100 -work control -2002  $dsn/src/control_unit.vhd
# Warning: DAGGEN_0523: The source is compiled without the -dbg switch. Line breakpoints and assertion debug will not be available.
# File: C:/Users/Seth/Desktop/aldec-fall2025/mips-processor/control_unit/control/src/control_unit.vhd
# Compile Entity "control_unit"
# Error: COMP96_0018: control_unit.vhd : (10, 2): Identifier expected.
# Compile Architecture "structural" of Entity "control_unit"
# Compile failure 1 Errors 0 Warnings  Analysis time :  16.0 [ms]
acom -O3 -e 100 -work control -2002  $dsn/src/control_unit.vhd
# Warning: DAGGEN_0523: The source is compiled without the -dbg switch. Line breakpoints and assertion debug will not be available.
# File: C:/Users/Seth/Desktop/aldec-fall2025/mips-processor/control_unit/control/src/control_unit.vhd
# Compile Entity "control_unit"
# Compile Architecture "structural" of Entity "control_unit"
# Compile success 0 Errors 0 Warnings  Analysis time :  16.0 [ms]
acom -O3 -e 100 -work control -2002  $dsn/src/orgate.vhd
# Warning: DAGGEN_0523: The source is compiled without the -dbg switch. Line breakpoints and assertion debug will not be available.
# File: C:/Users/Seth/Desktop/aldec-fall2025/mips-processor/control_unit/control/src/orgate.vhd
# Compile Entity "orgate"
# Compile Architecture "structural" of Entity "orgate"
# Compile success 0 Errors 0 Warnings  Analysis time :  78.0 [ms]
acom -O3 -e 100 -work control -2002  $dsn/src/control_unit.vhd
# Warning: DAGGEN_0523: The source is compiled without the -dbg switch. Line breakpoints and assertion debug will not be available.
# File: C:/Users/Seth/Desktop/aldec-fall2025/mips-processor/control_unit/control/src/control_unit.vhd
# Compile Entity "control_unit"
# Compile Architecture "structural" of Entity "control_unit"
# Compile success 0 Errors 0 Warnings  Analysis time :  63.0 [ms]
acom -O3 -e 100 -work control -2002  $dsn/src/control_unit.vhd
# Warning: DAGGEN_0523: The source is compiled without the -dbg switch. Line breakpoints and assertion debug will not be available.
# File: C:/Users/Seth/Desktop/aldec-fall2025/mips-processor/control_unit/control/src/control_unit.vhd
# Compile Entity "control_unit"
# Compile Architecture "structural" of Entity "control_unit"
# Error: COMP96_0015: control_unit.vhd : (39, 36): ')' expected.
# Error: COMP96_0015: control_unit.vhd : (39, 36): ';' expected.
# Compile failure 2 Errors 0 Warnings  Analysis time :  15.0 [ms]
acom -O3 -e 100 -work control -2002  $dsn/src/control_unit.vhd
# Warning: DAGGEN_0523: The source is compiled without the -dbg switch. Line breakpoints and assertion debug will not be available.
# File: C:/Users/Seth/Desktop/aldec-fall2025/mips-processor/control_unit/control/src/control_unit.vhd
# Compile Entity "control_unit"
# Compile Architecture "structural" of Entity "control_unit"
# Compile success 0 Errors 0 Warnings  Analysis time :  46.0 [ms]
acom -O3 -e 100 -work control -2002  $dsn/src/control_unit.vhd
# Warning: DAGGEN_0523: The source is compiled without the -dbg switch. Line breakpoints and assertion debug will not be available.
# File: C:/Users/Seth/Desktop/aldec-fall2025/mips-processor/control_unit/control/src/control_unit.vhd
# Compile Entity "control_unit"
# Compile Architecture "structural" of Entity "control_unit"
# Compile success 0 Errors 0 Warnings  Analysis time :  47.0 [ms]
acom -O3 -e 100 -work control -2002  $dsn/src/control_unit.vhd
# Warning: DAGGEN_0523: The source is compiled without the -dbg switch. Line breakpoints and assertion debug will not be available.
# File: C:/Users/Seth/Desktop/aldec-fall2025/mips-processor/control_unit/control/src/control_unit.vhd
# Compile Entity "control_unit"
# Compile Architecture "structural" of Entity "control_unit"
# Compile success 0 Errors 0 Warnings  Analysis time :  31.0 [ms]
acom -O3 -e 100 -work control -2002  $dsn/src/TestBench/control_unit_TB.vhd
# Warning: DAGGEN_0523: The source is compiled without the -dbg switch. Line breakpoints and assertion debug will not be available.
# File: C:/Users/Seth/Desktop/aldec-fall2025/mips-processor/control_unit/control/src/TestBench/control_unit_TB.vhd
# Compile Entity "control_unit_tb"
# Compile Architecture "TB_ARCHITECTURE" of Entity "control_unit_tb"
# Compile Configuration "TESTBENCH_FOR_control_unit"
# Compile success 0 Errors 0 Warnings  Analysis time :  78.0 [ms]
asim -O5 +access +r +m+control_unit control_unit structural
# ELBREAD: Elaboration process.
# ELBREAD: Elaboration time 0.0 [s].
# VSIM: Stack memory: 32MB
# VSIM: Retval memory: 32MB
# 
# KERNEL: Main thread initiated.
# KERNEL: Kernel process initialization phase.
# ELAB2: Elaboration final pass...
# ELAB2: Create instances ...
# KERNEL: Time resolution set to 1ps.
# ELAB2: Create instances complete.
# SLP: Started
# SLP: Elaboration phase ...
# SLP: Elaboration phase ... skipped, nothing to simulate in SLP mode : 0.0 [s]
# SLP: Finished : 0.0 [s]
# ELAB2: Elaboration final pass complete - time: 0.1 [s].
# KERNEL: Warning: You are using the Active-HDL EDU Edition. The performance of simulation is running at a reduced rate.
# KERNEL: Warning: Contact Aldec for available upgrade options - sales@aldec.com.
# KERNEL: Kernel process initialization done.
# Allocation: Simulator allocated 6071 kB (elbread=256 elab2=5676 kernel=137 sdf=0)
# KERNEL: ASDB file was created in location C:\Users\Seth\Desktop\aldec-fall2025\mips-processor\control_unit\control\src\wave.asdb
#  5:26 PM, Friday, November 21, 2025
#  Simulation has been initialized
# ELBREAD: Elaboration process.
# ELBREAD: Elaboration time 0.0 [s].
asim -O5 +access +r +m+control_unit_tb control_unit_tb TB_ARCHITECTURE
# ELBREAD: Elaboration process.
# ELBREAD: Elaboration time 0.0 [s].
# VSIM: Stack memory: 32MB
# VSIM: Retval memory: 32MB
# 
# KERNEL: Main thread initiated.
# KERNEL: Kernel process initialization phase.
# ELAB2: Elaboration final pass...
# ELAB2: Create instances ...
# KERNEL: Time resolution set to 1ps.
# ELAB2: Create instances complete.
# SLP: Started
# SLP: Elaboration phase ...
# SLP: Elaboration phase ... skipped, nothing to simulate in SLP mode : 0.0 [s]
# SLP: Finished : 0.0 [s]
# ELAB2: Elaboration final pass complete - time: 0.0 [s].
# KERNEL: Warning: You are using the Active-HDL EDU Edition. The performance of simulation is running at a reduced rate.
# KERNEL: Warning: Contact Aldec for available upgrade options - sales@aldec.com.
# KERNEL: Kernel process initialization done.
# Allocation: Simulator allocated 6072 kB (elbread=256 elab2=5678 kernel=137 sdf=0)
# KERNEL: ASDB file was created in location C:\Users\Seth\Desktop\aldec-fall2025\mips-processor\control_unit\control\src\wave.asdb
#  5:26 PM, Friday, November 21, 2025
#  Simulation has been initialized
# 8 object(s) traced.
# Waveform file 'untitled.awc' connected to 'C:/Users/Seth/Desktop/aldec-fall2025/mips-processor/control_unit/control/src/wave.asdb'.
run @200ns
# KERNEL: stopped at time: 200 ns
endsim
# VSIM: Simulation has finished.
asim -O5 +access +r +m+control_unit_tb control_unit_tb TB_ARCHITECTURE
# ELBREAD: Elaboration process.
# ELBREAD: Elaboration time 0.0 [s].
# VSIM: Stack memory: 32MB
# VSIM: Retval memory: 32MB
# 
# KERNEL: Main thread initiated.
# KERNEL: Kernel process initialization phase.
# ELAB2: Elaboration final pass...
# ELAB2: Create instances ...
# KERNEL: Time resolution set to 1ps.
# ELAB2: Create instances complete.
# SLP: Started
# SLP: Elaboration phase ...
# SLP: Elaboration phase ... skipped, nothing to simulate in SLP mode : 0.0 [s]
# SLP: Finished : 0.0 [s]
# ELAB2: Elaboration final pass complete - time: 0.0 [s].
# KERNEL: Warning: You are using the Active-HDL EDU Edition. The performance of simulation is running at a reduced rate.
# KERNEL: Warning: Contact Aldec for available upgrade options - sales@aldec.com.
# KERNEL: Kernel process initialization done.
# Allocation: Simulator allocated 6072 kB (elbread=256 elab2=5678 kernel=137 sdf=0)
# KERNEL: ASDB file was created in location C:\Users\Seth\Desktop\aldec-fall2025\mips-processor\control_unit\control\src\wave.asdb
#  5:27 PM, Friday, November 21, 2025
#  Simulation has been initialized
# Waveform file 'untitled.awc' connected to 'C:/Users/Seth/Desktop/aldec-fall2025/mips-processor/control_unit/control/src/wave.asdb'.
# 8 object(s) traced.
run @400ns
# KERNEL: stopped at time: 400 ns
endsim
# VSIM: Simulation has finished.
acom -O3 -e 100 -work control -2002  $dsn/src/TestBench/control_unit_TB.vhd
# Warning: DAGGEN_0523: The source is compiled without the -dbg switch. Line breakpoints and assertion debug will not be available.
# File: C:/Users/Seth/Desktop/aldec-fall2025/mips-processor/control_unit/control/src/TestBench/control_unit_TB.vhd
# Compile Entity "control_unit_tb"
# Compile Architecture "TB_ARCHITECTURE" of Entity "control_unit_tb"
# Compile Configuration "TESTBENCH_FOR_control_unit"
# Compile success 0 Errors 0 Warnings  Analysis time :  47.0 [ms]
asim -O5 +access +r +m+control_unit_tb control_unit_tb TB_ARCHITECTURE
# ELBREAD: Elaboration process.
# ELBREAD: Elaboration time 0.0 [s].
# VSIM: Stack memory: 32MB
# VSIM: Retval memory: 32MB
# 
# KERNEL: Main thread initiated.
# KERNEL: Kernel process initialization phase.
# ELAB2: Elaboration final pass...
# ELAB2: Create instances ...
# KERNEL: Time resolution set to 1ps.
# ELAB2: Create instances complete.
# SLP: Started
# SLP: Elaboration phase ...
# SLP: Elaboration phase ... skipped, nothing to simulate in SLP mode : 0.0 [s]
# SLP: Finished : 0.0 [s]
# ELAB2: Elaboration final pass complete - time: 0.0 [s].
# KERNEL: Warning: You are using the Active-HDL EDU Edition. The performance of simulation is running at a reduced rate.
# KERNEL: Warning: Contact Aldec for available upgrade options - sales@aldec.com.
# KERNEL: Kernel process initialization done.
# Allocation: Simulator allocated 6072 kB (elbread=256 elab2=5678 kernel=137 sdf=0)
# KERNEL: ASDB file was created in location C:\Users\Seth\Desktop\aldec-fall2025\mips-processor\control_unit\control\src\wave.asdb
#  5:30 PM, Friday, November 21, 2025
#  Simulation has been initialized
# Waveform file 'untitled.awc' connected to 'C:/Users/Seth/Desktop/aldec-fall2025/mips-processor/control_unit/control/src/wave.asdb'.
# 8 object(s) traced.
run @400ns
# KERNEL: stopped at time: 400 ns
acom -O3 -e 100 -work control -2002  $dsn/src/control_unit.vhd
# Warning: DAGGEN_0523: The source is compiled without the -dbg switch. Line breakpoints and assertion debug will not be available.
# File: C:/Users/Seth/Desktop/aldec-fall2025/mips-processor/control_unit/control/src/control_unit.vhd
# Compile Entity "control_unit"
# Compile Architecture "structural" of Entity "control_unit"
# Compile success 0 Errors 0 Warnings  Analysis time :  47.0 [ms]
endsim
# VSIM: Simulation has finished.
asim -O5 +access +r +m+control_unit_tb control_unit_tb TB_ARCHITECTURE
# ELBREAD: Elaboration process.
# ELBREAD: Elaboration time 0.0 [s].
# VSIM: Stack memory: 32MB
# VSIM: Retval memory: 32MB
# 
# KERNEL: Main thread initiated.
# KERNEL: Kernel process initialization phase.
# ELAB2: Elaboration final pass...
# ELAB2: Create instances ...
# KERNEL: Time resolution set to 1ps.
# ELAB2: Create instances complete.
# SLP: Started
# SLP: Elaboration phase ...
# SLP: Elaboration phase ... skipped, nothing to simulate in SLP mode : 0.0 [s]
# SLP: Finished : 0.0 [s]
# ELAB2: Elaboration final pass complete - time: 0.0 [s].
# KERNEL: Warning: You are using the Active-HDL EDU Edition. The performance of simulation is running at a reduced rate.
# KERNEL: Warning: Contact Aldec for available upgrade options - sales@aldec.com.
# KERNEL: Kernel process initialization done.
# Allocation: Simulator allocated 6072 kB (elbread=256 elab2=5677 kernel=137 sdf=0)
# KERNEL: ASDB file was created in location C:\Users\Seth\Desktop\aldec-fall2025\mips-processor\control_unit\control\src\wave.asdb
#  5:32 PM, Friday, November 21, 2025
#  Simulation has been initialized
# Waveform file 'untitled.awc' connected to 'C:/Users/Seth/Desktop/aldec-fall2025/mips-processor/control_unit/control/src/wave.asdb'.
# 8 object(s) traced.
run @400ns
# KERNEL: stopped at time: 400 ns
endsim
# VSIM: Simulation has finished.
asim -O5 +access +r +m+control_unit_tb control_unit_tb TB_ARCHITECTURE
# ELBREAD: Elaboration process.
# ELBREAD: Elaboration time 0.0 [s].
# VSIM: Stack memory: 32MB
# VSIM: Retval memory: 32MB
# 
acom -O3 -e 100 -work control -2002  $dsn/src/control_unit.vhd
# Warning: DAGGEN_0523: The source is compiled without the -dbg switch. Line breakpoints and assertion debug will not be available.
# File: C:/Users/Seth/Desktop/aldec-fall2025/mips-processor/control_unit/control/src/control_unit.vhd
# Compile Entity "control_unit"
# Compile Architecture "structural" of Entity "control_unit"
# Compile success 0 Errors 0 Warnings  Analysis time :  31.0 [ms]
# ELBREAD: Elaboration process.
# ELBREAD: Elaboration time 0.0 [s].
# KERNEL: Main thread initiated.
# KERNEL: Kernel process initialization phase.
# ELAB2: Elaboration final pass...
# ELAB2: Create instances ...
# KERNEL: Time resolution set to 1ps.
# ELAB2: Create instances complete.
# SLP: Started
# SLP: Elaboration phase ...
# SLP: Elaboration phase ... skipped, nothing to simulate in SLP mode : 0.0 [s]
# SLP: Finished : 0.0 [s]
# ELAB2: Elaboration final pass complete - time: 0.0 [s].
# KERNEL: Warning: You are using the Active-HDL EDU Edition. The performance of simulation is running at a reduced rate.
# KERNEL: Warning: Contact Aldec for available upgrade options - sales@aldec.com.
# KERNEL: Kernel process initialization done.
# Allocation: Simulator allocated 6072 kB (elbread=256 elab2=5678 kernel=137 sdf=0)
# KERNEL: ASDB file was created in location C:\Users\Seth\Desktop\aldec-fall2025\mips-processor\control_unit\control\src\wave.asdb
#  5:33 PM, Friday, November 21, 2025
#  Simulation has been initialized
# Waveform file 'untitled.awc' connected to 'C:/Users/Seth/Desktop/aldec-fall2025/mips-processor/control_unit/control/src/wave.asdb'.
# 8 object(s) traced.
run @400ns
# KERNEL: stopped at time: 400 ns
acom -O3 -e 100 -work control -2002  $dsn/src/control_unit.vhd
# Warning: DAGGEN_0523: The source is compiled without the -dbg switch. Line breakpoints and assertion debug will not be available.
# File: C:/Users/Seth/Desktop/aldec-fall2025/mips-processor/control_unit/control/src/control_unit.vhd
# Compile Entity "control_unit"
# Compile Architecture "structural" of Entity "control_unit"
# Compile success 0 Errors 0 Warnings  Analysis time :  31.0 [ms]
endsim
# VSIM: Simulation has finished.
asim -O5 +access +r +m+control_unit_tb control_unit_tb TB_ARCHITECTURE
# ELBREAD: Elaboration process.
# ELBREAD: Elaboration time 0.0 [s].
# VSIM: Stack memory: 32MB
# VSIM: Retval memory: 32MB
# 
# KERNEL: Main thread initiated.
# KERNEL: Kernel process initialization phase.
# ELAB2: Elaboration final pass...
# ELAB2: Create instances ...
# KERNEL: Time resolution set to 1ps.
# ELAB2: Create instances complete.
# SLP: Started
# SLP: Elaboration phase ...
# SLP: Elaboration phase ... skipped, nothing to simulate in SLP mode : 0.0 [s]
# SLP: Finished : 0.0 [s]
# ELAB2: Elaboration final pass complete - time: 0.0 [s].
# KERNEL: Warning: You are using the Active-HDL EDU Edition. The performance of simulation is running at a reduced rate.
# KERNEL: Warning: Contact Aldec for available upgrade options - sales@aldec.com.
# KERNEL: Kernel process initialization done.
# Allocation: Simulator allocated 6072 kB (elbread=256 elab2=5677 kernel=137 sdf=0)
# KERNEL: ASDB file was created in location C:\Users\Seth\Desktop\aldec-fall2025\mips-processor\control_unit\control\src\wave.asdb
#  5:35 PM, Friday, November 21, 2025
#  Simulation has been initialized
# Waveform file 'untitled.awc' connected to 'C:/Users/Seth/Desktop/aldec-fall2025/mips-processor/control_unit/control/src/wave.asdb'.
# 8 object(s) traced.
run @400ns
# KERNEL: stopped at time: 400 ns
acom -O3 -e 100 -work control -2002  $dsn/src/control_unit.vhd
# Warning: DAGGEN_0523: The source is compiled without the -dbg switch. Line breakpoints and assertion debug will not be available.
# File: C:/Users/Seth/Desktop/aldec-fall2025/mips-processor/control_unit/control/src/control_unit.vhd
# Compile Entity "control_unit"
# Compile Architecture "structural" of Entity "control_unit"
# Compile success 0 Errors 0 Warnings  Analysis time :  31.0 [ms]
endsim
# VSIM: Simulation has finished.
