Active-HDL 12.0.118.7745 2025-11-22 20:04:59

Elaboration top modules:
Architecture                  TB_ARCHITECTURE(register_file_tb)


------------------------------------------------------------------------------------------------------
Entity           | Architecture    | Library   | Info | Compiler Version        | Compilation Options
------------------------------------------------------------------------------------------------------
register_file_tb | TB_ARCHITECTURE | registers |      | 12.0.118.7745 (Windows) | -O3
register_file    | behavioral      | registers |      | 12.0.118.7745 (Windows) | -O3
------------------------------------------------------------------------------------------------------

------------------------------------------------------------------------------------------------------
VHDL Package                       | Library   | Info | Compiler Version        | Compilation Options
------------------------------------------------------------------------------------------------------
standard                           | std       |      |                         | <unavailable>
TEXTIO                             | std       |      |                         | <unavailable>
std_logic_1164                     | ieee      |      |                         | <unavailable>
NUMERIC_STD                        | ieee      |      |                         | <unavailable>
------------------------------------------------------------------------------------------------------

------------------------------------------------------------------------------------------------------
Library                            | Comment
------------------------------------------------------------------------------------------------------
ieee                               | Standard IEEE packages library
registers                          | None
std                                | Standard VHDL library
------------------------------------------------------------------------------------------------------


Simulation Options: asim -O5 +access +r +m+register_file_tb register_file_tb TB_ARCHITECTURE


The performance of simulation is reduced. Version EDU Edition
